{"/home/nate/Documents/GitRepos/okhackers/src/global.d.ts": {"path":"/home/nate/Documents/GitRepos/okhackers/src/global.d.ts","statementMap":{},"fnMap":{},"branchMap":{},"s":{},"f":{},"b":{},"inputSourceMap":null}
,"/home/nate/Documents/GitRepos/okhackers/src/routes/backend.ts": {"path":"/home/nate/Documents/GitRepos/okhackers/src/routes/backend.ts","statementMap":{"0":{"start":{"line":6,"column":20},"end":{"line":10,"column":null}},"1":{"start":{"line":12,"column":1},"end":{"line":12,"column":18}},"2":{"start":{"line":3,"column":0},"end":{"line":3,"column":7}}},"fnMap":{"0":{"name":"get","decl":{"start":{"line":3,"column":22},"end":{"line":3,"column":25}},"loc":{"start":{"line":3,"column":36},"end":{"line":13,"column":1}}}},"branchMap":{},"s":{"0":1,"1":1,"2":1},"f":{"0":1},"b":{}}
,"/home/nate/Documents/GitRepos/okhackers/src/routes/index.svelte": {"path":"/home/nate/Documents/GitRepos/okhackers/src/routes/index.svelte","statementMap":{"0":{"start":{"line":2,"column":3},"end":{"line":2,"column":60}},"1":{"start":{"line":2,"column":60},"end":{"line":2,"column":89}},"2":{"start":{"line":1,"column":0},"end":{"line":1,"column":null}},"3":{"start":{"line":2,"column":0},"end":{"line":2,"column":null}},"4":{"start":{"line":2,"column":9},"end":{"line":2,"column":86}}},"fnMap":{},"branchMap":{},"s":{"0":1,"1":1,"2":1,"3":1,"4":1},"f":{},"b":{}}
,"/home/nate/Documents/GitRepos/okhackers/src/routes/LearnYourNumbers/[slug].ts": {"path":"/home/nate/Documents/GitRepos/okhackers/src/routes/LearnYourNumbers/[slug].ts","statementMap":{"0":{"start":{"line":6,"column":17},"end":{"line":6,"column":23}},"1":{"start":{"line":10,"column":4},"end":{"line":51,"column":null}},"2":{"start":{"line":12,"column":12},"end":{"line":16,"column":null}},"3":{"start":{"line":17,"column":12},"end":{"line":17,"column":18}},"4":{"start":{"line":20,"column":12},"end":{"line":24,"column":null}},"5":{"start":{"line":25,"column":12},"end":{"line":25,"column":18}},"6":{"start":{"line":28,"column":12},"end":{"line":32,"column":null}},"7":{"start":{"line":33,"column":12},"end":{"line":33,"column":18}},"8":{"start":{"line":36,"column":12},"end":{"line":40,"column":null}},"9":{"start":{"line":41,"column":12},"end":{"line":41,"column":18}},"10":{"start":{"line":44,"column":12},"end":{"line":48,"column":null}},"11":{"start":{"line":49,"column":12},"end":{"line":49,"column":18}},"12":{"start":{"line":55,"column":1},"end":{"line":55,"column":18}},"13":{"start":{"line":3,"column":0},"end":{"line":3,"column":7}}},"fnMap":{"0":{"name":"get","decl":{"start":{"line":3,"column":22},"end":{"line":3,"column":25}},"loc":{"start":{"line":3,"column":36},"end":{"line":56,"column":1}}}},"branchMap":{"0":{"loc":{"start":{"line":10,"column":4},"end":{"line":51,"column":null}},"type":"switch","locations":[{"start":{"line":11,"column":8},"end":{"line":18,"column":null}},{"start":{"line":19,"column":8},"end":{"line":26,"column":null}},{"start":{"line":27,"column":8},"end":{"line":34,"column":null}},{"start":{"line":35,"column":8},"end":{"line":42,"column":null}},{"start":{"line":43,"column":8},"end":{"line":50,"column":null}}]}},"s":{"0":6,"1":6,"2":1,"3":1,"4":1,"5":1,"6":1,"7":1,"8":1,"9":1,"10":2,"11":2,"12":6,"13":1},"f":{"0":6},"b":{"0":[1,1,1,1,2]}}
}
