TN:
SF:src\global.d.ts
FNF:0
FNH:0
LF:0
LH:0
BRF:0
BRH:0
end_of_record
TN:
SF:src\Lib\DatabaseConnector.ts
FN:19,(anonymous_0)
FN:25,(anonymous_1)
FN:37,(anonymous_2)
FN:41,(anonymous_3)
FN:59,(anonymous_4)
FNF:5
FNH:4
FNDA:1,(anonymous_0)
FNDA:1,(anonymous_1)
FNDA:4,(anonymous_2)
FNDA:4,(anonymous_3)
FNDA:0,(anonymous_4)
DA:1,1
DA:3,1
DA:5,1
DA:16,1
DA:17,1
DA:19,1
DA:20,1
DA:21,1
DA:22,1
DA:25,1
DA:26,1
DA:27,1
DA:28,1
DA:29,1
DA:32,1
DA:34,4
DA:38,4
DA:41,4
DA:43,4
DA:44,4
DA:46,0
DA:49,0
DA:50,0
DA:51,0
DA:53,0
DA:54,0
DA:58,0
DA:60,0
LF:28
LH:20
BRDA:19,0,0,1
BRDA:19,0,1,1
BRDA:25,1,0,1
BRDA:25,1,1,1
BRDA:49,2,0,0
BRDA:49,2,1,0
BRF:6
BRH:4
end_of_record
TN:
SF:src\routes\backend.ts
FN:3,get
FNF:1
FNH:1
FNDA:1,get
DA:3,1
DA:6,1
DA:12,1
LF:3
LH:3
BRF:0
BRH:0
end_of_record
TN:
SF:src\routes\index.svelte
FNF:0
FNH:0
DA:1,1
DA:2,1
LF:2
LH:2
BRF:0
BRH:0
end_of_record
TN:
SF:src\routes\LearnYourNumbers\[slug].ts
FN:3,get
FNF:1
FNH:1
FNDA:6,get
DA:3,1
DA:6,6
DA:10,6
DA:12,1
DA:17,1
DA:20,1
DA:25,1
DA:28,1
DA:33,1
DA:36,1
DA:41,1
DA:44,2
DA:49,2
DA:55,6
LF:14
LH:14
BRDA:10,0,0,1
BRDA:10,0,1,1
BRDA:10,0,2,1
BRDA:10,0,3,1
BRDA:10,0,4,2
BRF:5
BRH:5
end_of_record
