TN:
SF:src/global.d.ts
FNF:0
FNH:0
LF:0
LH:0
BRF:0
BRH:0
end_of_record
TN:
SF:src/routes/backend.ts
FN:3,get
FNF:1
FNH:1
FNDA:1,get
DA:3,1
DA:6,1
DA:12,1
LF:3
LH:3
BRF:0
BRH:0
end_of_record
TN:
SF:src/routes/index.svelte
FNF:0
FNH:0
DA:1,1
DA:2,1
LF:2
LH:2
BRF:0
BRH:0
end_of_record
TN:
SF:src/routes/LearnYourNumbers/[slug].ts
FN:3,get
FNF:1
FNH:1
FNDA:6,get
DA:3,1
DA:6,6
DA:10,6
DA:12,1
DA:17,1
DA:20,1
DA:25,1
DA:28,1
DA:33,1
DA:36,1
DA:41,1
DA:44,2
DA:49,2
DA:55,6
LF:14
LH:14
BRDA:10,0,0,1
BRDA:10,0,1,1
BRDA:10,0,2,1
BRDA:10,0,3,1
BRDA:10,0,4,2
BRF:5
BRH:5
end_of_record
